2026-05-25 18:36:08,927 INFO main_etl - Start ETL
2026-05-25 18:36:08,941 ERROR main_etl - ETL failed: Error tokenizing data. C error: Expected 2 fields in line 47, saw 3
Traceback (most recent call last):
  File "C:\Users\karo2\Documents\etl_enterprise\main_etl.py", line 23, in run
    sources = extract_sources(INPUT_DIR)
              ^^^^^^^^^^^^^^^^^^^^^^^^^^
  File "C:\Users\karo2\Documents\etl_enterprise\etl\extract.py", line 12, in extract_sources
    df = pd.read_csv(path)
         ^^^^^^^^^^^^^^^^^
  File "C:\Users\karo2\AppData\Local\Packages\PythonSoftwareFoundation.Python.3.11_qbz5n2kfra8p0\LocalCache\local-packages\Python311\site-packages\pandas\io\parsers\readers.py", line 1026, in read_csv
    return _read(filepath_or_buffer, kwds)
           ^^^^^^^^^^^^^^^^^^^^^^^^^^^^^^^
  File "C:\Users\karo2\AppData\Local\Packages\PythonSoftwareFoundation.Python.3.11_qbz5n2kfra8p0\LocalCache\local-packages\Python311\site-packages\pandas\io\parsers\readers.py", line 626, in _read
    return parser.read(nrows)
           ^^^^^^^^^^^^^^^^^^
  File "C:\Users\karo2\AppData\Local\Packages\PythonSoftwareFoundation.Python.3.11_qbz5n2kfra8p0\LocalCache\local-packages\Python311\site-packages\pandas\io\parsers\readers.py", line 1923, in read
    ) = self._engine.read(  # type: ignore[attr-defined]
        ^^^^^^^^^^^^^^^^^^^^^^^^^^^^^^^^^^^^^^^^^^^^^^^^
  File "C:\Users\karo2\AppData\Local\Packages\PythonSoftwareFoundation.Python.3.11_qbz5n2kfra8p0\LocalCache\local-packages\Python311\site-packages\pandas\io\parsers\c_parser_wrapper.py", line 234, in read
    chunks = self._reader.read_low_memory(nrows)
             ^^^^^^^^^^^^^^^^^^^^^^^^^^^^^^^^^^^
  File "parsers.pyx", line 838, in pandas._libs.parsers.TextReader.read_low_memory
  File "parsers.pyx", line 905, in pandas._libs.parsers.TextReader._read_rows
  File "parsers.pyx", line 874, in pandas._libs.parsers.TextReader._tokenize_rows
  File "parsers.pyx", line 891, in pandas._libs.parsers.TextReader._check_tokenize_status
  File "parsers.pyx", line 2061, in pandas._libs.parsers.raise_parser_error
pandas.errors.ParserError: Error tokenizing data. C error: Expected 2 fields in line 47, saw 3

2026-05-25 18:36:08,966 ERROR etl.notifications - Error: ETL failed: Error tokenizing data. C error: Expected 2 fields in line 47, saw 3

2026-05-25 18:39:18,350 INFO main_etl - Start ETL
2026-05-25 18:39:18,476 ERROR main_etl - ETL failed: unsupported operand type(s) for -: 'str' and 'str'
Traceback (most recent call last):
  File "C:\Users\karo2\AppData\Local\Packages\PythonSoftwareFoundation.Python.3.11_qbz5n2kfra8p0\LocalCache\local-packages\Python311\site-packages\pandas\core\ops\array_ops.py", line 218, in _na_arithmetic_op
    result = func(left, right)
             ^^^^^^^^^^^^^^^^^
  File "C:\Users\karo2\AppData\Local\Packages\PythonSoftwareFoundation.Python.3.11_qbz5n2kfra8p0\LocalCache\local-packages\Python311\site-packages\pandas\core\computation\expressions.py", line 242, in evaluate
    return _evaluate(op, op_str, a, b)  # type: ignore[misc]
           ^^^^^^^^^^^^^^^^^^^^^^^^^^^
  File "C:\Users\karo2\AppData\Local\Packages\PythonSoftwareFoundation.Python.3.11_qbz5n2kfra8p0\LocalCache\local-packages\Python311\site-packages\pandas\core\computation\expressions.py", line 73, in _evaluate_standard
    return op(a, b)
           ^^^^^^^^
TypeError: unsupported operand type(s) for -: 'str' and 'str'

During handling of the above exception, another exception occurred:

Traceback (most recent call last):
  File "C:\Users\karo2\Documents\etl_enterprise\main_etl.py", line 24, in run
    model = build_model(
            ^^^^^^^^^^^^
  File "C:\Users\karo2\Documents\etl_enterprise\etl\transform.py", line 12, in build_model
    df['Income'] = df['Sales'] - df['Cost']
                   ~~~~~~~~~~~~^~~~~~~~~~~~
  File "C:\Users\karo2\AppData\Local\Packages\PythonSoftwareFoundation.Python.3.11_qbz5n2kfra8p0\LocalCache\local-packages\Python311\site-packages\pandas\core\ops\common.py", line 76, in new_method
    return method(self, other)
           ^^^^^^^^^^^^^^^^^^^
  File "C:\Users\karo2\AppData\Local\Packages\PythonSoftwareFoundation.Python.3.11_qbz5n2kfra8p0\LocalCache\local-packages\Python311\site-packages\pandas\core\arraylike.py", line 194, in __sub__
    return self._arith_method(other, operator.sub)
           ^^^^^^^^^^^^^^^^^^^^^^^^^^^^^^^^^^^^^^^
  File "C:\Users\karo2\AppData\Local\Packages\PythonSoftwareFoundation.Python.3.11_qbz5n2kfra8p0\LocalCache\local-packages\Python311\site-packages\pandas\core\series.py", line 6135, in _arith_method
    return base.IndexOpsMixin._arith_method(self, other, op)
           ^^^^^^^^^^^^^^^^^^^^^^^^^^^^^^^^^^^^^^^^^^^^^^^^^
  File "C:\Users\karo2\AppData\Local\Packages\PythonSoftwareFoundation.Python.3.11_qbz5n2kfra8p0\LocalCache\local-packages\Python311\site-packages\pandas\core\base.py", line 1382, in _arith_method
    result = ops.arithmetic_op(lvalues, rvalues, op)
             ^^^^^^^^^^^^^^^^^^^^^^^^^^^^^^^^^^^^^^^
  File "C:\Users\karo2\AppData\Local\Packages\PythonSoftwareFoundation.Python.3.11_qbz5n2kfra8p0\LocalCache\local-packages\Python311\site-packages\pandas\core\ops\array_ops.py", line 283, in arithmetic_op
    res_values = _na_arithmetic_op(left, right, op)  # type: ignore[arg-type]
                 ^^^^^^^^^^^^^^^^^^^^^^^^^^^^^^^^^^
  File "C:\Users\karo2\AppData\Local\Packages\PythonSoftwareFoundation.Python.3.11_qbz5n2kfra8p0\LocalCache\local-packages\Python311\site-packages\pandas\core\ops\array_ops.py", line 227, in _na_arithmetic_op
    result = _masked_arith_op(left, right, op)
             ^^^^^^^^^^^^^^^^^^^^^^^^^^^^^^^^^
  File "C:\Users\karo2\AppData\Local\Packages\PythonSoftwareFoundation.Python.3.11_qbz5n2kfra8p0\LocalCache\local-packages\Python311\site-packages\pandas\core\ops\array_ops.py", line 163, in _masked_arith_op
    result[mask] = op(xrav[mask], yrav[mask])
                   ^^^^^^^^^^^^^^^^^^^^^^^^^^
TypeError: unsupported operand type(s) for -: 'str' and 'str'
2026-05-25 18:39:18,564 ERROR etl.notifications - Error: ETL failed: unsupported operand type(s) for -: 'str' and 'str'
2026-05-25 18:41:54,157 INFO main_etl - Start ETL
2026-05-25 18:41:54,351 INFO etl.validation - Validating model...
2026-05-25 18:41:54,351 ERROR main_etl - ETL failed: '<' not supported between instances of 'str' and 'int'
Traceback (most recent call last):
  File "C:\Users\karo2\Documents\etl_enterprise\main_etl.py", line 30, in run
    validate_model(model)
  File "C:\Users\karo2\Documents\etl_enterprise\etl\validation.py", line 16, in validate_model
    if (df["Unit Price"] < 0).any():
        ^^^^^^^^^^^^^^^^^^^^
  File "C:\Users\karo2\AppData\Local\Packages\PythonSoftwareFoundation.Python.3.11_qbz5n2kfra8p0\LocalCache\local-packages\Python311\site-packages\pandas\core\ops\common.py", line 76, in new_method
    return method(self, other)
           ^^^^^^^^^^^^^^^^^^^
  File "C:\Users\karo2\AppData\Local\Packages\PythonSoftwareFoundation.Python.3.11_qbz5n2kfra8p0\LocalCache\local-packages\Python311\site-packages\pandas\core\arraylike.py", line 48, in __lt__
    return self._cmp_method(other, operator.lt)
           ^^^^^^^^^^^^^^^^^^^^^^^^^^^^^^^^^^^^
  File "C:\Users\karo2\AppData\Local\Packages\PythonSoftwareFoundation.Python.3.11_qbz5n2kfra8p0\LocalCache\local-packages\Python311\site-packages\pandas\core\series.py", line 6119, in _cmp_method
    res_values = ops.comparison_op(lvalues, rvalues, op)
                 ^^^^^^^^^^^^^^^^^^^^^^^^^^^^^^^^^^^^^^^
  File "C:\Users\karo2\AppData\Local\Packages\PythonSoftwareFoundation.Python.3.11_qbz5n2kfra8p0\LocalCache\local-packages\Python311\site-packages\pandas\core\ops\array_ops.py", line 344, in comparison_op
    res_values = comp_method_OBJECT_ARRAY(op, lvalues, rvalues)
                 ^^^^^^^^^^^^^^^^^^^^^^^^^^^^^^^^^^^^^^^^^^^^^^
  File "C:\Users\karo2\AppData\Local\Packages\PythonSoftwareFoundation.Python.3.11_qbz5n2kfra8p0\LocalCache\local-packages\Python311\site-packages\pandas\core\ops\array_ops.py", line 129, in comp_method_OBJECT_ARRAY
    result = libops.scalar_compare(x.ravel(), y, op)
             ^^^^^^^^^^^^^^^^^^^^^^^^^^^^^^^^^^^^^^^
  File "ops.pyx", line 107, in pandas._libs.ops.scalar_compare
TypeError: '<' not supported between instances of 'str' and 'int'
2026-05-25 18:41:54,354 ERROR etl.notifications - Error: ETL failed: '<' not supported between instances of 'str' and 'int'
2026-05-25 18:43:40,792 INFO main_etl - Start ETL
2026-05-25 18:43:41,021 INFO etl.validation - Validating model...
2026-05-25 18:43:41,021 INFO etl.validation - Validation passed successfully
2026-05-25 18:43:41,503 INFO main_etl - ETL completed successfully
